Summary of SPARK analysis
=========================

--------------------------------------------------------------------------------------------------------
SPARK Analysis results        Total       Flow   Interval   CodePeer      Provers   Justified   Unproved
--------------------------------------------------------------------------------------------------------
Data Dependencies                 .          .          .          .            .           .          .
Flow Dependencies                 .          .          .          .            .           .          .
Initialization                    8          8          .          .            .           .          .
Non-Aliasing                      .          .          .          .            .           .          .
Run-time Checks                  40          .          .          .    40 (CVC4)           .          .
Assertions                        4          .          .          .     4 (CVC4)           .          .
Functional Contracts              5          .          .          .     5 (CVC4)           .          .
LSP Verification                  .          .          .          .            .           .          .
--------------------------------------------------------------------------------------------------------
Total                            57    8 (14%)          .          .     49 (86%)           .          .


Analyzed 1 unit
in unit playwitharrays, 4 subprograms and packages out of 4 analyzed
  playWithArrays at playwitharrays.ads:1 flow analyzed (0 errors, 0 checks and 0 warnings) and proved (0 checks)
  playWithArrays.play at playwitharrays.ads:4 flow analyzed (0 errors, 0 checks and 0 warnings) and proved (15 checks)
  playWithArrays.playArrayResultInverse at playwitharrays.ads:48 flow analyzed (0 errors, 0 checks and 0 warnings) and proved (26 checks)
  playWithArrays.playInverse at playwitharrays.ads:26 flow analyzed (0 errors, 0 checks and 0 warnings) and proved (8 checks)
